<?xml version="1.0" encoding="UTF-8"?>
<!-- Generated by org.testng.reporters.JUnitReportReporter -->
<testsuite skipped="0" hostname="YP1005145DT" name="APIAutomation.TC006_get_ExtraxtValuesOfEachNodeInJSON" tests="1" failures="0" timestamp="26 Sep 2019 12:47:02 GMT" time="1.765" errors="0">
  <testcase name="ExtraxtValuesOfEachNodeInJSON" time="1.765" classname="APIAutomation.TC006_get_ExtraxtValuesOfEachNodeInJSON"/>
</testsuite> <!-- APIAutomation.TC006_get_ExtraxtValuesOfEachNodeInJSON -->
