<?xml version="1.0" encoding="UTF-8"?>
<!-- Generated by org.testng.reporters.JUnitReportReporter -->
<testsuite skipped="0" hostname="YP1005145DT" name="APIAutomation.Tc003_getRequest" tests="1" failures="0" timestamp="26 Sep 2019 12:36:51 GMT" time="2.671" errors="0">
  <testcase name="validateHeader" time="2.671" classname="APIAutomation.Tc003_getRequest"/>
</testsuite> <!-- APIAutomation.Tc003_getRequest -->
