<?xml version="1.0" encoding="UTF-8"?>
<!-- Generated by org.testng.reporters.JUnitReportReporter -->
<testsuite skipped="0" hostname="YP1005145DT" name="APIAutomation.TC001_getEmployeesDetails" tests="1" failures="0" timestamp="24 Sep 2019 09:06:55 GMT" time="2.908" errors="0">
  <testcase name="getNameDetails" time="2.908" classname="APIAutomation.TC001_getEmployeesDetails"/>
</testsuite> <!-- APIAutomation.TC001_getEmployeesDetails -->
