<?xml version="1.0" encoding="UTF-8"?>
<!-- Generated by org.testng.reporters.JUnitReportReporter -->
<testsuite skipped="0" hostname="YP1005145DT" name="TestProperties" tests="1" failures="0" timestamp="25 Oct 2019 11:23:06 GMT" time="0.019" errors="0">
  <testcase name="testproperties" time="0.019" classname="TestProperties"/>
</testsuite> <!-- TestProperties -->
