<?xml version="1.0" encoding="UTF-8"?>
<!-- Generated by org.testng.reporters.JUnitReportReporter -->
<testsuite skipped="0" hostname="YP1005145DT" name="APIAutomation.TC007_get_RequestAuthorization" tests="1" failures="0" timestamp="25 Sep 2019 10:45:25 GMT" time="1.591" errors="0">
  <testcase name="authorizationTest" time="1.591" classname="APIAutomation.TC007_get_RequestAuthorization"/>
</testsuite> <!-- APIAutomation.TC007_get_RequestAuthorization -->
