<?xml version="1.0" encoding="UTF-8"?>
<!-- Generated by org.testng.reporters.JUnitReportReporter -->
<testsuite skipped="0" hostname="YP1005145DT" name="APIAutomation.TC002_postNewUser" tests="1" failures="0" timestamp="24 Sep 2019 10:43:49 GMT" time="2.401" errors="0">
  <testcase name="newUserCreation" time="2.401" classname="APIAutomation.TC002_postNewUser"/>
</testsuite> <!-- APIAutomation.TC002_postNewUser -->
